<?xml version="1.0" encoding="UTF-8"?>
<testsuite xmlns:xsi="http://www.w3.org/2001/XMLSchema-instance" xsi:noNamespaceSchemaLocation="https://maven.apache.org/surefire/maven-surefire-plugin/xsd/surefire-test-report-3.0.xsd" version="3.0" name="edu.bu.met.cs665.TestVendingMachine" time="0.06" tests="5" errors="0" skipped="0" failures="0">
  <properties>
    <property name="java.specification.version" value="21"/>
    <property name="sun.cpu.isalist" value="amd64"/>
    <property name="sun.jnu.encoding" value="GBK"/>
    <property name="java.class.path" value="C:\Users\hp\IdeaProjects\cs-665-project-template\target\test-classes;C:\Users\hp\IdeaProjects\cs-665-project-template\target\classes;C:\Users\hp\.m2\repository\junit\junit\4.13.1\junit-4.13.1.jar;C:\Users\hp\.m2\repository\org\hamcrest\hamcrest-core\1.3\hamcrest-core-1.3.jar;C:\Users\hp\.m2\repository\org\apache\logging\log4j\log4j-core\2.19.0\log4j-core-2.19.0.jar;C:\Users\hp\.m2\repository\org\apache\logging\log4j\log4j-api\2.19.0\log4j-api-2.19.0.jar;"/>
    <property name="java.vm.vendor" value="Oracle Corporation"/>
    <property name="sun.arch.data.model" value="64"/>
    <property name="user.variant" value=""/>
    <property name="java.vendor.url" value="https://java.oracle.com/"/>
    <property name="user.timezone" value="GMT-04:00"/>
    <property name="os.name" value="Windows 10"/>
    <property name="java.vm.specification.version" value="21"/>
    <property name="sun.java.launcher" value="SUN_STANDARD"/>
    <property name="user.country" value="CN"/>
    <property name="sun.boot.library.path" value="C:\Program Files\Java\jdk-21\bin"/>
    <property name="sun.java.command" value="C:\Users\hp\AppData\Local\Temp\surefire15463536751743981829\surefirebooter-20240208012853183_3.jar C:\Users\hp\AppData\Local\Temp\surefire15463536751743981829 2024-02-08T01-28-52_892-jvmRun1 surefire-20240208012853183_1tmp surefire_0-20240208012853183_2tmp"/>
    <property name="jdk.debug" value="release"/>
    <property name="surefire.test.class.path" value="C:\Users\hp\IdeaProjects\cs-665-project-template\target\test-classes;C:\Users\hp\IdeaProjects\cs-665-project-template\target\classes;C:\Users\hp\.m2\repository\junit\junit\4.13.1\junit-4.13.1.jar;C:\Users\hp\.m2\repository\org\hamcrest\hamcrest-core\1.3\hamcrest-core-1.3.jar;C:\Users\hp\.m2\repository\org\apache\logging\log4j\log4j-core\2.19.0\log4j-core-2.19.0.jar;C:\Users\hp\.m2\repository\org\apache\logging\log4j\log4j-api\2.19.0\log4j-api-2.19.0.jar;"/>
    <property name="sun.cpu.endian" value="little"/>
    <property name="user.home" value="C:\Users\hp"/>
    <property name="user.language" value="zh"/>
    <property name="java.specification.vendor" value="Oracle Corporation"/>
    <property name="java.version.date" value="2024-01-16"/>
    <property name="java.home" value="C:\Program Files\Java\jdk-21"/>
    <property name="file.separator" value="\"/>
    <property name="basedir" value="C:\Users\hp\IdeaProjects\cs-665-project-template"/>
    <property name="java.vm.compressedOopsMode" value="32-bit"/>
    <property name="line.separator" value="&#10;"/>
    <property name="java.vm.specification.vendor" value="Oracle Corporation"/>
    <property name="java.specification.name" value="Java Platform API Specification"/>
    <property name="surefire.real.class.path" value="C:\Users\hp\AppData\Local\Temp\surefire15463536751743981829\surefirebooter-20240208012853183_3.jar"/>
    <property name="user.script" value=""/>
    <property name="sun.management.compiler" value="HotSpot 64-Bit Tiered Compilers"/>
    <property name="java.runtime.version" value="21.0.2+13-LTS-58"/>
    <property name="user.name" value="hp"/>
    <property name="stdout.encoding" value="GBK"/>
    <property name="path.separator" value=";"/>
    <property name="os.version" value="10.0"/>
    <property name="java.runtime.name" value="Java(TM) SE Runtime Environment"/>
    <property name="file.encoding" value="UTF-8"/>
    <property name="java.vm.name" value="Java HotSpot(TM) 64-Bit Server VM"/>
    <property name="localRepository" value="C:\Users\hp\.m2\repository"/>
    <property name="java.vendor.url.bug" value="https://bugreport.java.com/bugreport/"/>
    <property name="java.io.tmpdir" value="C:\Users\hp\AppData\Local\Temp\"/>
    <property name="idea.version" value="2023.3.2"/>
    <property name="java.version" value="21.0.2"/>
    <property name="user.dir" value="C:\Users\hp\IdeaProjects\cs-665-project-template"/>
    <property name="os.arch" value="amd64"/>
    <property name="java.vm.specification.name" value="Java Virtual Machine Specification"/>
    <property name="sun.os.patch.level" value=""/>
    <property name="native.encoding" value="GBK"/>
    <property name="java.library.path" value="C:\Program Files\Java\jdk-21\bin;C:\WINDOWS\Sun\Java\bin;C:\WINDOWS\system32;C:\WINDOWS;C:\Program Files\Common Files\Oracle\Java\javapath;C:\windows\system32;C:\windows;C:\windows\System32\Wbem;C:\windows\System32\WindowsPowerShell\v1.0\;C:\windows\System32\OpenSSH\;C:\Program Files (x86)\NVIDIA Corporation\PhysX\Common;C:\Program Files\NVIDIA Corporation\NVIDIA NvDLISR;C:\Program Files\Java\jdk1.8.0_241\bin;C:\Program Files (x86)\Microsoft SQL Server\150\DTS\Binn\;C:\Program Files\Azure Data Studio\bin;C:\Windows\Microsoft.NET\Framework\v2.0.50727;C:\Program Files\dotnet\;C:\Program Files (x86)\Microsoft SQL Server\100\Tools\Binn\;C:\Program Files\Microsoft SQL Server\100\Tools\Binn\;C:\Program Files\Microsoft SQL Server\100\DTS\Binn\;C:\Program Files (x86)\Microsoft SQL Server\100\Tools\Binn\VSShell\Common7\IDE\;C:\Program Files (x86)\Microsoft SQL Server\100\DTS\Binn\;C:\Program Files (x86)\dotnet\;C:\WINDOWS\system32;C:\WINDOWS;C:\WINDOWS\System32\Wbem;C:\WINDOWS\System32\WindowsPowerShell\v1.0\;C:\WINDOWS\System32\OpenSSH\;C:\Program Files (x86)\MySQL\MySQL Server 5.5\bin;D:\下载\微信web开发者工具\dll;D:\下载\微信;eb开发者工具;D:\下;C:\Program Files\nodejs\;C:\Users\hp\AppData\Local\Programs\Python\Python311\;C:\Program Files\Git\cmd;C:\Users\hp\Downloads\apache-maven-3.9.6-bin\apache-maven-3.9.6\bin;C:\Users\hp\AppData\Local\Programs\Python\Python311\Scripts\;C:\Users\hp\AppData\Local\Programs\Python\Python311\;C:\Users\hp\anaconda3;C:\Users\hp\anaconda3\Library\mingw-w64\bin;C:\Users\hp\anaconda3\Library\usr\bin;C:\Users\hp\anaconda3\Library\bin;C:\Users\hp\anaconda3\Scripts;C:\Users\hp\AppData\Local\Microsoft\WindowsApps;C:\Program Files\Azure Data Studio\bin;C:\Users\hp\.dotnet\tools;C:\Users\hp\AppData\Roaming\npm;C:\Program Files\nodejs\node_global;C:\Program Files\JetBrains\IntelliJ IDEA Community Edition 2023.3.2\bin;;;."/>
    <property name="java.vm.info" value="mixed mode, sharing"/>
    <property name="stderr.encoding" value="GBK"/>
    <property name="java.vendor" value="Oracle Corporation"/>
    <property name="java.vm.version" value="21.0.2+13-LTS-58"/>
    <property name="sun.io.unicode.encoding" value="UnicodeLittle"/>
    <property name="java.class.version" value="65.0"/>
  </properties>
  <testcase name="testSelectSpecificBeverages1" classname="edu.bu.met.cs665.TestVendingMachine" time="0.01">
    <system-out><![CDATA[Selected Beverage Category: Coffee
Selected Specific Beverage: Espresso(Temperature: Hot)
]]></system-out>
  </testcase>
  <testcase name="testSelectSpecificBeverages2" classname="edu.bu.met.cs665.TestVendingMachine" time="0.001">
    <system-out><![CDATA[Selected Beverage Category: Coffee
Selected Specific Beverage: Americano(Temperature: Hot)
Selected Beverage Category: Tea
Selected Specific Beverage: Yellow Tea(Temperature: Cold)
]]></system-out>
  </testcase>
  <testcase name="testCalculateTotalPrice1" classname="edu.bu.met.cs665.TestVendingMachine" time="0.001">
    <system-out><![CDATA[Selected Beverage Category: Coffee
Selected Specific Beverage: Espresso(Temperature: Hot)
Added 1 units of Milk (0.5 per unit)
Added 2 units of Sugar (0.5 per unit)
Total price is: 3.5
]]></system-out>
  </testcase>
  <testcase name="testCalculateTotalPrice2" classname="edu.bu.met.cs665.TestVendingMachine" time="0.001">
    <system-out><![CDATA[Selected Beverage Category: Coffee
Selected Specific Beverage: Espresso(Temperature: Cold)
Added 2 units of Milk (0.5 per unit)
Added 2 units of Sugar (0.5 per unit)
Selected Beverage Category: Tea
Selected Specific Beverage: Black Tea(Temperature: Cold)
Added 3 units of Milk (0.5 per unit)
Added 1 units of Sugar (0.5 per unit)
Total price is: 9.0
]]></system-out>
  </testcase>
  <testcase name="testAddIntegrity" classname="edu.bu.met.cs665.TestVendingMachine" time="0.001">
    <system-out><![CDATA[Added 1 units of Milk (0.5 per unit)
Added 3 units of Sugar (0.5 per unit)
]]></system-out>
  </testcase>
</testsuite>